2026-04-20T15:08:38.455+0800	[34mINFO[0m	server/main.go:127	logger initialized	{"level": "debug", "path": "./logs", "filename": "server.log"}
[GIN-debug] [WARNING] Running in "debug" mode. Switch to "release" mode in production.
 - using env:	export GIN_MODE=release
 - using code:	gin.SetMode(gin.ReleaseMode)

[GIN-debug] POST   /api/v1/auth/send-code    --> github.com/wencai/easyhr/internal/user.(*Handler).SendCode-fm (4 handlers)
[GIN-debug] POST   /api/v1/auth/login        --> github.com/wencai/easyhr/internal/user.(*Handler).Login-fm (4 handlers)
[GIN-debug] POST   /api/v1/auth/register     --> github.com/wencai/easyhr/internal/user.(*Handler).Register-fm (4 handlers)
[GIN-debug] POST   /api/v1/auth/login/password --> github.com/wencai/easyhr/internal/user.(*Handler).LoginPassword-fm (4 handlers)
[GIN-debug] POST   /api/v1/auth/refresh      --> github.com/wencai/easyhr/internal/user.(*Handler).Refresh-fm (4 handlers)
[GIN-debug] POST   /api/v1/auth/logout       --> github.com/wencai/easyhr/internal/user.(*Handler).Logout-fm (5 handlers)
[GIN-debug] GET    /api/v1/auth/me           --> github.com/wencai/easyhr/internal/user.(*Handler).GetMe-fm (5 handlers)
[GIN-debug] PUT    /api/v1/auth/password     --> github.com/wencai/easyhr/internal/user.(*Handler).ChangePassword-fm (5 handlers)
[GIN-debug] PUT    /api/v1/auth/avatar       --> github.com/wencai/easyhr/internal/user.(*Handler).UpdateAvatar-fm (5 handlers)
[GIN-debug] PUT    /api/v1/auth/name         --> github.com/wencai/easyhr/internal/user.(*Handler).UpdateName-fm (5 handlers)
[GIN-debug] PUT    /api/v1/org               --> github.com/wencai/easyhr/internal/user.(*Handler).UpdateOrg-fm (5 handlers)
[GIN-debug] PUT    /api/v1/org/onboarding    --> github.com/wencai/easyhr/internal/user.(*Handler).CompleteOnboarding-fm (5 handlers)
[GIN-debug] GET    /api/v1/users             --> github.com/wencai/easyhr/internal/user.(*Handler).ListSubAccounts-fm (6 handlers)
[GIN-debug] POST   /api/v1/users             --> github.com/wencai/easyhr/internal/user.(*Handler).CreateSubAccount-fm (6 handlers)
[GIN-debug] PUT    /api/v1/users/:id/role    --> github.com/wencai/easyhr/internal/user.(*Handler).UpdateSubAccountRole-fm (6 handlers)
[GIN-debug] DELETE /api/v1/users/:id         --> github.com/wencai/easyhr/internal/user.(*Handler).DeleteSubAccount-fm (6 handlers)
[GIN-debug] POST   /api/v1/employees         --> github.com/wencai/easyhr/internal/employee.(*Handler).CreateEmployee-fm (6 handlers)
[GIN-debug] GET    /api/v1/employees         --> github.com/wencai/easyhr/internal/employee.(*Handler).ListEmployees-fm (5 handlers)
[GIN-debug] GET    /api/v1/employees/roster  --> github.com/wencai/easyhr/internal/employee.(*Handler).ListRoster-fm (5 handlers)
[GIN-debug] GET    /api/v1/employees/export  --> github.com/wencai/easyhr/internal/employee.(*Handler).ExportExcel-fm (6 handlers)
[GIN-debug] GET    /api/v1/employees/:id     --> github.com/wencai/easyhr/internal/employee.(*Handler).GetEmployee-fm (5 handlers)
[GIN-debug] PUT    /api/v1/employees/:id     --> github.com/wencai/easyhr/internal/employee.(*Handler).UpdateEmployee-fm (6 handlers)
[GIN-debug] DELETE /api/v1/employees/:id     --> github.com/wencai/easyhr/internal/employee.(*Handler).DeleteEmployee-fm (6 handlers)
[GIN-debug] POST   /api/v1/employees/:id/sensitive --> github.com/wencai/easyhr/internal/employee.(*Handler).GetSensitiveInfo-fm (6 handlers)
[GIN-debug] POST   /api/v1/departments       --> github.com/wencai/easyhr/internal/department.(*DepartmentHandler).CreateDepartment-fm (6 handlers)
[GIN-debug] GET    /api/v1/departments       --> github.com/wencai/easyhr/internal/department.(*DepartmentHandler).ListDepartments-fm (5 handlers)
[GIN-debug] GET    /api/v1/departments/tree  --> github.com/wencai/easyhr/internal/department.(*DepartmentHandler).GetTree-fm (5 handlers)
[GIN-debug] GET    /api/v1/departments/search --> github.com/wencai/easyhr/internal/department.(*DepartmentHandler).SearchTree-fm (5 handlers)
[GIN-debug] GET    /api/v1/departments/:id   --> github.com/wencai/easyhr/internal/department.(*DepartmentHandler).GetDepartment-fm (5 handlers)
[GIN-debug] PUT    /api/v1/departments/:id   --> github.com/wencai/easyhr/internal/department.(*DepartmentHandler).UpdateDepartment-fm (6 handlers)
[GIN-debug] DELETE /api/v1/departments/:id   --> github.com/wencai/easyhr/internal/department.(*DepartmentHandler).DeleteDepartment-fm (6 handlers)
[GIN-debug] GET    /api/v1/invitations/:token --> github.com/wencai/easyhr/internal/employee.(*InvitationHandler).GetInvitationDetail-fm (4 handlers)
[GIN-debug] POST   /api/v1/invitations/:token/submit --> github.com/wencai/easyhr/internal/employee.(*InvitationHandler).SubmitInvitation-fm (4 handlers)
[GIN-debug] POST   /api/v1/invitations       --> github.com/wencai/easyhr/internal/employee.(*InvitationHandler).CreateInvitation-fm (6 handlers)
[GIN-debug] GET    /api/v1/invitations       --> github.com/wencai/easyhr/internal/employee.(*InvitationHandler).ListInvitations-fm (5 handlers)
[GIN-debug] DELETE /api/v1/invitations/:id   --> github.com/wencai/easyhr/internal/employee.(*InvitationHandler).CancelInvitation-fm (6 handlers)
[GIN-debug] POST   /api/v1/employees/:id/confirm --> github.com/wencai/easyhr/internal/employee.(*InvitationHandler).ConfirmOnboarding-fm (6 handlers)
[GIN-debug] GET    /api/v1/registrations/:token --> github.com/wencai/easyhr/internal/employee.(*RegistrationHandler).GetRegistrationDetail-fm (4 handlers)
[GIN-debug] POST   /api/v1/registrations/:token/submit --> github.com/wencai/easyhr/internal/employee.(*RegistrationHandler).SubmitRegistration-fm (4 handlers)
[GIN-debug] POST   /api/v1/registrations/send-sms --> github.com/wencai/easyhr/internal/employee.(*RegistrationHandler).SendRegistrationSms-fm (4 handlers)
[GIN-debug] POST   /api/v1/registrations     --> github.com/wencai/easyhr/internal/employee.(*RegistrationHandler).CreateRegistration-fm (6 handlers)
[GIN-debug] GET    /api/v1/registrations     --> github.com/wencai/easyhr/internal/employee.(*RegistrationHandler).ListRegistrations-fm (5 handlers)
[GIN-debug] DELETE /api/v1/registrations/:id --> github.com/wencai/easyhr/internal/employee.(*RegistrationHandler).DeleteRegistration-fm (6 handlers)
[GIN-debug] POST   /api/v1/employees/:id/resign --> github.com/wencai/easyhr/internal/employee.(*OffboardingHandler).BossResign-fm (6 handlers)
[GIN-debug] POST   /api/v1/employees/:id/resign/apply --> github.com/wencai/easyhr/internal/employee.(*OffboardingHandler).EmployeeApplyResign-fm (5 handlers)
[GIN-debug] PUT    /api/v1/offboardings/:id/approve --> github.com/wencai/easyhr/internal/employee.(*OffboardingHandler).ApproveResign-fm (6 handlers)
[GIN-debug] PUT    /api/v1/offboardings/:id/reject --> github.com/wencai/easyhr/internal/employee.(*OffboardingHandler).RejectResign-fm (6 handlers)
[GIN-debug] PUT    /api/v1/offboardings/:id/complete --> github.com/wencai/easyhr/internal/employee.(*OffboardingHandler).CompleteOffboarding-fm (6 handlers)
[GIN-debug] GET    /api/v1/offboardings/:id  --> github.com/wencai/easyhr/internal/employee.(*OffboardingHandler).GetOffboarding-fm (5 handlers)
[GIN-debug] PUT    /api/v1/offboardings/:id/checklist --> github.com/wencai/easyhr/internal/employee.(*OffboardingHandler).UpdateChecklist-fm (6 handlers)
[GIN-debug] GET    /api/v1/offboardings      --> github.com/wencai/easyhr/internal/employee.(*OffboardingHandler).ListOffboardings-fm (5 handlers)
[GIN-debug] POST   /api/v1/employees/:id/contracts --> github.com/wencai/easyhr/internal/employee.(*ContractHandler).CreateContract-fm (6 handlers)
[GIN-debug] GET    /api/v1/employees/:id/contracts --> github.com/wencai/easyhr/internal/employee.(*ContractHandler).ListByEmployee-fm (5 handlers)
[GIN-debug] GET    /api/v1/contracts/:id     --> github.com/wencai/easyhr/internal/employee.(*ContractHandler).GetContract-fm (5 handlers)
[GIN-debug] PUT    /api/v1/contracts/:id     --> github.com/wencai/easyhr/internal/employee.(*ContractHandler).UpdateContract-fm (6 handlers)
[GIN-debug] POST   /api/v1/contracts/:id/generate-pdf --> github.com/wencai/easyhr/internal/employee.(*ContractHandler).GeneratePDF-fm (6 handlers)
[GIN-debug] POST   /api/v1/contracts/:id/upload-signed --> github.com/wencai/easyhr/internal/employee.(*ContractHandler).UploadSigned-fm (6 handlers)
[GIN-debug] GET    /api/v1/contracts/:id/upload-url --> github.com/wencai/easyhr/internal/employee.(*ContractHandler).GenerateUploadURL-fm (6 handlers)
[GIN-debug] PUT    /api/v1/contracts/:id/terminate --> github.com/wencai/easyhr/internal/employee.(*ContractHandler).TerminateContract-fm (6 handlers)
[GIN-debug] GET    /api/v1/contracts         --> github.com/wencai/easyhr/internal/employee.(*ContractHandler).ListContracts-fm (5 handlers)
[GIN-debug] POST   /api/v1/contracts/:id/send-sign-link --> github.com/wencai/easyhr/internal/employee.(*ContractHandler).SendSignLink-fm (6 handlers)
[GIN-debug] POST   /api/v1/contracts/sign/send-code --> github.com/wencai/easyhr/internal/employee.(*ContractHandler).SendSignCode-fm (4 handlers)
[GIN-debug] POST   /api/v1/contracts/sign/verify-code --> github.com/wencai/easyhr/internal/employee.(*ContractHandler).VerifySignCode-fm (4 handlers)
[GIN-debug] POST   /api/v1/contracts/sign/confirm --> github.com/wencai/easyhr/internal/employee.(*ContractHandler).ConfirmSign-fm (4 handlers)
[GIN-debug] POST   /api/v1/social-insurance/policies --> github.com/wencai/easyhr/internal/socialinsurance.(*Handler).CreatePolicy-fm (6 handlers)
[GIN-debug] GET    /api/v1/social-insurance/policies --> github.com/wencai/easyhr/internal/socialinsurance.(*Handler).ListPolicies-fm (5 handlers)
[GIN-debug] GET    /api/v1/social-insurance/policies/:id --> github.com/wencai/easyhr/internal/socialinsurance.(*Handler).GetPolicy-fm (5 handlers)
[GIN-debug] PUT    /api/v1/social-insurance/policies/:id --> github.com/wencai/easyhr/internal/socialinsurance.(*Handler).UpdatePolicy-fm (6 handlers)
[GIN-debug] DELETE /api/v1/social-insurance/policies/:id --> github.com/wencai/easyhr/internal/socialinsurance.(*Handler).DeletePolicy-fm (6 handlers)
[GIN-debug] POST   /api/v1/social-insurance/calculate --> github.com/wencai/easyhr/internal/socialinsurance.(*Handler).CalculateInsurance-fm (5 handlers)
[GIN-debug] POST   /api/v1/social-insurance/enroll/preview --> github.com/wencai/easyhr/internal/socialinsurance.(*Handler).EnrollPreview-fm (6 handlers)
[GIN-debug] POST   /api/v1/social-insurance/enroll --> github.com/wencai/easyhr/internal/socialinsurance.(*Handler).BatchEnroll-fm (6 handlers)
[GIN-debug] POST   /api/v1/social-insurance/stop --> github.com/wencai/easyhr/internal/socialinsurance.(*Handler).BatchStopEnrollment-fm (6 handlers)
[GIN-debug] GET    /api/v1/social-insurance/records --> github.com/wencai/easyhr/internal/socialinsurance.(*Handler).ListRecords-fm (5 handlers)
[GIN-debug] GET    /api/v1/social-insurance/my-records --> github.com/wencai/easyhr/internal/socialinsurance.(*Handler).GetMyRecords-fm (5 handlers)
[GIN-debug] GET    /api/v1/social-insurance/records/:id/history --> github.com/wencai/easyhr/internal/socialinsurance.(*Handler).GetChangeHistory-fm (5 handlers)
[GIN-debug] GET    /api/v1/social-insurance/deduction --> github.com/wencai/easyhr/internal/socialinsurance.(*Handler).GetDeduction-fm (5 handlers)
[GIN-debug] GET    /api/v1/social-insurance/dashboard --> github.com/wencai/easyhr/internal/socialinsurance.(*Handler).SIDashboard-fm (5 handlers)
[GIN-debug] POST   /api/v1/social-insurance/enroll/single --> github.com/wencai/easyhr/internal/socialinsurance.(*Handler).Enroll-fm (6 handlers)
[GIN-debug] POST   /api/v1/social-insurance/stop/single --> github.com/wencai/easyhr/internal/socialinsurance.(*Handler).Stop-fm (6 handlers)
[GIN-debug] POST   /api/v1/social-insurance/payment-callback --> github.com/wencai/easyhr/internal/socialinsurance.(*Handler).PaymentCallback-fm (6 handlers)
[GIN-debug] GET    /api/v1/social-insurance/monthly-records --> github.com/wencai/easyhr/internal/socialinsurance.(*Handler).GetMonthlyRecords-fm (5 handlers)
[GIN-debug] GET    /api/v1/social-insurance/monthly-records/:id --> github.com/wencai/easyhr/internal/socialinsurance.(*Handler).GetMonthlyRecordDetail-fm (5 handlers)
[GIN-debug] POST   /api/v1/social-insurance/confirm-payment --> github.com/wencai/easyhr/internal/socialinsurance.(*Handler).ConfirmPayment-fm (6 handlers)
[GIN-debug] GET    /api/v1/social-insurance/records/export --> github.com/wencai/easyhr/internal/socialinsurance.(*Handler).ExportSIRecords-fm (6 handlers)
[GIN-debug] GET    /api/v1/tax/brackets      --> github.com/wencai/easyhr/internal/tax.(*Handler).ListTaxBrackets-fm (5 handlers)
[GIN-debug] POST   /api/v1/tax/brackets/seed --> github.com/wencai/easyhr/internal/tax.(*Handler).SeedBrackets-fm (6 handlers)
[GIN-debug] POST   /api/v1/tax/deductions    --> github.com/wencai/easyhr/internal/tax.(*Handler).CreateDeduction-fm (6 handlers)
[GIN-debug] GET    /api/v1/tax/deductions    --> github.com/wencai/easyhr/internal/tax.(*Handler).ListDeductions-fm (5 handlers)
[GIN-debug] GET    /api/v1/tax/deductions/:id --> github.com/wencai/easyhr/internal/tax.(*Handler).GetDeduction-fm (5 handlers)
[GIN-debug] PUT    /api/v1/tax/deductions/:id --> github.com/wencai/easyhr/internal/tax.(*Handler).UpdateDeduction-fm (6 handlers)
[GIN-debug] DELETE /api/v1/tax/deductions/:id --> github.com/wencai/easyhr/internal/tax.(*Handler).DeleteDeduction-fm (6 handlers)
[GIN-debug] POST   /api/v1/tax/calculate     --> github.com/wencai/easyhr/internal/tax.(*Handler).CalculateTax-fm (6 handlers)
[GIN-debug] POST   /api/v1/tax/calculate-contract --> github.com/wencai/easyhr/internal/tax.(*Handler).CalculateTaxFromContract-fm (6 handlers)
[GIN-debug] GET    /api/v1/tax/records       --> github.com/wencai/easyhr/internal/tax.(*Handler).ListTaxRecords-fm (5 handlers)
[GIN-debug] GET    /api/v1/tax/records/:id   --> github.com/wencai/easyhr/internal/tax.(*Handler).GetTaxRecord-fm (5 handlers)
[GIN-debug] GET    /api/v1/tax/my-records    --> github.com/wencai/easyhr/internal/tax.(*Handler).GetMyTaxRecords-fm (5 handlers)
[GIN-debug] GET    /api/v1/tax/declarations  --> github.com/wencai/easyhr/internal/tax.(*Handler).ListDeclarations-fm (5 handlers)
[GIN-debug] GET    /api/v1/tax/declarations/current --> github.com/wencai/easyhr/internal/tax.(*Handler).GetCurrentDeclaration-fm (5 handlers)
[GIN-debug] PUT    /api/v1/tax/declarations/:id/declare --> github.com/wencai/easyhr/internal/tax.(*Handler).MarkAsDeclared-fm (6 handlers)
[GIN-debug] GET    /api/v1/tax/declarations/export-excel --> github.com/wencai/easyhr/internal/tax.(*Handler).ExportDeclarationExcel-fm (6 handlers)
[GIN-debug] GET    /api/v1/tax/records/:id/export-pdf --> github.com/wencai/easyhr/internal/tax.(*Handler).ExportTaxCertificatePDF-fm (6 handlers)
[GIN-debug] GET    /api/v1/salary/template   --> github.com/wencai/easyhr/internal/salary.(*Handler).GetTemplate-fm (5 handlers)
[GIN-debug] PUT    /api/v1/salary/template   --> github.com/wencai/easyhr/internal/salary.(*Handler).UpdateTemplate-fm (6 handlers)
[GIN-debug] GET    /api/v1/salary/items      --> github.com/wencai/easyhr/internal/salary.(*Handler).GetEmployeeItems-fm (5 handlers)
[GIN-debug] PUT    /api/v1/salary/items/:employee_id --> github.com/wencai/easyhr/internal/salary.(*Handler).SetEmployeeItems-fm (6 handlers)
[GIN-debug] POST   /api/v1/salary/payroll    --> github.com/wencai/easyhr/internal/salary.(*Handler).CreatePayroll-fm (6 handlers)
[GIN-debug] GET    /api/v1/salary/payroll    --> github.com/wencai/easyhr/internal/salary.(*Handler).GetPayrollList-fm (5 handlers)
[GIN-debug] GET    /api/v1/salary/payroll/:id --> github.com/wencai/easyhr/internal/salary.(*Handler).GetPayrollDetail-fm (5 handlers)
[GIN-debug] POST   /api/v1/salary/payroll/calculate --> github.com/wencai/easyhr/internal/salary.(*Handler).CalculatePayroll-fm (6 handlers)
[GIN-debug] PUT    /api/v1/salary/payroll/confirm --> github.com/wencai/easyhr/internal/salary.(*Handler).ConfirmPayroll-fm (6 handlers)
[GIN-debug] PUT    /api/v1/salary/payroll/:id/pay --> github.com/wencai/easyhr/internal/salary.(*Handler).RecordPayment-fm (6 handlers)
[GIN-debug] GET    /api/v1/salary/dashboard  --> github.com/wencai/easyhr/internal/salary.(*Handler).GetDashboard-fm (5 handlers)
[GIN-debug] POST   /api/v1/salary/attendance/import --> github.com/wencai/easyhr/internal/salary.(*Handler).ImportAttendance-fm (6 handlers)
[GIN-debug] POST   /api/v1/salary/slip/send  --> github.com/wencai/easyhr/internal/salary.(*Handler).SendSlip-fm (6 handlers)
[GIN-debug] GET    /api/v1/salary/payroll/export --> github.com/wencai/easyhr/internal/salary.(*Handler).ExportPayroll-fm (5 handlers)
[GIN-debug] GET    /api/v1/salary/slip/:token --> github.com/wencai/easyhr/internal/salary.(*Handler).GetSlipByToken-fm (4 handlers)
[GIN-debug] POST   /api/v1/salary/slip/:token/verify --> github.com/wencai/easyhr/internal/salary.(*Handler).VerifySlipPhone-fm (4 handlers)
[GIN-debug] POST   /api/v1/salary/slip/:token/code --> github.com/wencai/easyhr/internal/salary.(*Handler).VerifySlipCode-fm (4 handlers)
[GIN-debug] POST   /api/v1/salary/slip/:token/sign --> github.com/wencai/easyhr/internal/salary.(*Handler).SignSlip-fm (4 handlers)
[GIN-debug] POST   /api/v1/salary/slip/:token/confirm --> github.com/wencai/easyhr/internal/salary.(*Handler).ConfirmSlip-fm (4 handlers)
[GIN-debug] POST   /api/v1/salary/slip/send-all --> github.com/wencai/easyhr/internal/salary.(*SlipSendHandler).SendAllSlips-fm (5 handlers)
[GIN-debug] GET    /api/v1/salary/slip/logs  --> github.com/wencai/easyhr/internal/salary.(*SlipSendHandler).GetSlipLogs-fm (5 handlers)
[GIN-debug] POST   /api/v1/salary/adjustment --> github.com/wencai/easyhr/internal/salary.(*AdjustmentHandler).CreateAdjustment-fm (6 handlers)
[GIN-debug] POST   /api/v1/salary/mass-adjustment --> github.com/wencai/easyhr/internal/salary.(*AdjustmentHandler).CreateMassAdjustment-fm (6 handlers)
[GIN-debug] POST   /api/v1/salary/adjustment/preview --> github.com/wencai/easyhr/internal/salary.(*AdjustmentHandler).Preview-fm (6 handlers)
[GIN-debug] GET    /api/v1/salary/adjustments --> github.com/wencai/easyhr/internal/salary.(*AdjustmentHandler).GetAdjustmentList-fm (5 handlers)
[GIN-debug] PUT    /api/v1/salary/performance --> github.com/wencai/easyhr/internal/salary.(*PerformanceHandler).SetPerformance-fm (6 handlers)
[GIN-debug] GET    /api/v1/salary/performance --> github.com/wencai/easyhr/internal/salary.(*PerformanceHandler).GetPerformance-fm (5 handlers)
[GIN-debug] GET    /api/v1/salary/list       --> github.com/wencai/easyhr/internal/salary.(*SalaryListHandler).ListSalary-fm (5 handlers)
[GIN-debug] GET    /api/v1/salary/export     --> github.com/wencai/easyhr/internal/salary.(*SalaryListHandler).ExportSalaryList-fm (5 handlers)
[GIN-debug] POST   /api/v1/salary/unlock     --> github.com/wencai/easyhr/internal/salary.(*UnlockHandler).Unlock-fm (6 handlers)
[GIN-debug] POST   /api/v1/salary/unlock/send-code --> github.com/wencai/easyhr/internal/salary.(*UnlockHandler).SendCode-fm (6 handlers)
[GIN-debug] POST   /api/v1/salary/tax-upload --> github.com/wencai/easyhr/internal/salary.(*TaxUploadHandler).UploadTax-fm (5 handlers)
[GIN-debug] POST   /api/v1/salary/tax-upload/confirm --> github.com/wencai/easyhr/internal/salary.(*TaxUploadHandler).ConfirmTax-fm (5 handlers)
[GIN-debug] GET    /api/v1/attendance/rule   --> github.com/wencai/easyhr/internal/attendance.(*Handler).GetRule-fm (5 handlers)
[GIN-debug] PUT    /api/v1/attendance/rule   --> github.com/wencai/easyhr/internal/attendance.(*Handler).SaveRule-fm (5 handlers)
[GIN-debug] GET    /api/v1/attendance/shifts --> github.com/wencai/easyhr/internal/attendance.(*Handler).ListShifts-fm (5 handlers)
[GIN-debug] POST   /api/v1/attendance/shifts --> github.com/wencai/easyhr/internal/attendance.(*Handler).CreateShift-fm (5 handlers)
[GIN-debug] PUT    /api/v1/attendance/shifts/:id --> github.com/wencai/easyhr/internal/attendance.(*Handler).UpdateShift-fm (5 handlers)
[GIN-debug] DELETE /api/v1/attendance/shifts/:id --> github.com/wencai/easyhr/internal/attendance.(*Handler).DeleteShift-fm (5 handlers)
[GIN-debug] GET    /api/v1/attendance/schedules --> github.com/wencai/easyhr/internal/attendance.(*Handler).ListSchedules-fm (5 handlers)
[GIN-debug] POST   /api/v1/attendance/schedules --> github.com/wencai/easyhr/internal/attendance.(*Handler).BatchUpsertSchedules-fm (5 handlers)
[GIN-debug] GET    /api/v1/attendance/clock-live --> github.com/wencai/easyhr/internal/attendance.(*Handler).GetClockLive-fm (5 handlers)
[GIN-debug] POST   /api/v1/attendance/clock-records --> github.com/wencai/easyhr/internal/attendance.(*Handler).CreateClockRecord-fm (5 handlers)
[GIN-debug] GET    /api/v1/attendance/leave-stats --> github.com/wencai/easyhr/internal/attendance.(*Handler).GetLeaveStats-fm (5 handlers)
[GIN-debug] PUT    /api/v1/attendance/leave-stats/:employee_id --> github.com/wencai/easyhr/internal/attendance.(*Handler).UpdateLeaveStats-fm (5 handlers)
[GIN-debug] GET    /api/v1/attendance/approvals/pending-count --> github.com/wencai/easyhr/internal/attendance.(*Handler).GetPendingCount-fm (5 handlers)
[GIN-debug] GET    /api/v1/attendance/approvals --> github.com/wencai/easyhr/internal/attendance.(*Handler).ListApprovals-fm (5 handlers)
[GIN-debug] POST   /api/v1/attendance/approvals --> github.com/wencai/easyhr/internal/attendance.(*Handler).CreateApproval-fm (5 handlers)
[GIN-debug] PUT    /api/v1/attendance/approvals/:id/approve --> github.com/wencai/easyhr/internal/attendance.(*Handler).ApproveApproval-fm (5 handlers)
[GIN-debug] PUT    /api/v1/attendance/approvals/:id/reject --> github.com/wencai/easyhr/internal/attendance.(*Handler).RejectApproval-fm (5 handlers)
[GIN-debug] PUT    /api/v1/attendance/approvals/:id/cancel --> github.com/wencai/easyhr/internal/attendance.(*Handler).CancelApproval-fm (5 handlers)
[GIN-debug] GET    /api/v1/attendance/monthly --> github.com/wencai/easyhr/internal/attendance.(*Handler).GetMonthlyReport-fm (5 handlers)
[GIN-debug] GET    /api/v1/attendance/monthly/export --> github.com/wencai/easyhr/internal/attendance.(*Handler).ExportMonthlyExcel-fm (5 handlers)
[GIN-debug] GET    /api/v1/attendance/daily-records --> github.com/wencai/easyhr/internal/attendance.(*Handler).GetDailyRecords-fm (5 handlers)
[GIN-debug] GET    /api/v1/attendance/compliance/overtime --> github.com/wencai/easyhr/internal/attendance.(*Handler).GetComplianceOvertime-fm (5 handlers)
[GIN-debug] GET    /api/v1/attendance/compliance/leave --> github.com/wencai/easyhr/internal/attendance.(*Handler).GetComplianceLeave-fm (5 handlers)
[GIN-debug] GET    /api/v1/attendance/compliance/anomaly --> github.com/wencai/easyhr/internal/attendance.(*Handler).GetComplianceAnomaly-fm (5 handlers)
[GIN-debug] GET    /api/v1/attendance/compliance/monthly --> github.com/wencai/easyhr/internal/attendance.(*Handler).GetComplianceMonthly-fm (5 handlers)
[GIN-debug] GET    /api/v1/attendance/compliance/monthly/export --> github.com/wencai/easyhr/internal/attendance.(*Handler).ExportComplianceMonthly-fm (5 handlers)
[GIN-debug] GET    /api/v1/accounts          --> github.com/wencai/easyhr/internal/finance.(*AccountHandler).GetTree-fm (6 handlers)
[GIN-debug] POST   /api/v1/accounts          --> github.com/wencai/easyhr/internal/finance.(*AccountHandler).CreateAccount-fm (6 handlers)
[GIN-debug] PUT    /api/v1/accounts/:id      --> github.com/wencai/easyhr/internal/finance.(*AccountHandler).UpdateAccount-fm (6 handlers)
[GIN-debug] GET    /api/v1/vouchers          --> github.com/wencai/easyhr/internal/finance.(*VoucherHandler).ListVouchers-fm (6 handlers)
[GIN-debug] GET    /api/v1/vouchers/:id      --> github.com/wencai/easyhr/internal/finance.(*VoucherHandler).GetVoucher-fm (6 handlers)
[GIN-debug] POST   /api/v1/vouchers          --> github.com/wencai/easyhr/internal/finance.(*VoucherHandler).CreateVoucher-fm (6 handlers)
[GIN-debug] POST   /api/v1/vouchers/submit   --> github.com/wencai/easyhr/internal/finance.(*VoucherHandler).SubmitVoucher-fm (6 handlers)
[GIN-debug] POST   /api/v1/vouchers/audit    --> github.com/wencai/easyhr/internal/finance.(*VoucherHandler).AuditVoucher-fm (6 handlers)
[GIN-debug] POST   /api/v1/vouchers/reverse  --> github.com/wencai/easyhr/internal/finance.(*VoucherHandler).ReverseVoucher-fm (6 handlers)
[GIN-debug] GET    /api/v1/invoices          --> github.com/wencai/easyhr/internal/finance.(*InvoiceHandler).ListInvoices-fm (6 handlers)
[GIN-debug] POST   /api/v1/invoices          --> github.com/wencai/easyhr/internal/finance.(*InvoiceHandler).CreateInvoice-fm (6 handlers)
[GIN-debug] GET    /api/v1/invoices/:id      --> github.com/wencai/easyhr/internal/finance.(*InvoiceHandler).GetInvoice-fm (6 handlers)
[GIN-debug] PUT    /api/v1/invoices/:id      --> github.com/wencai/easyhr/internal/finance.(*InvoiceHandler).UpdateInvoice-fm (6 handlers)
[GIN-debug] POST   /api/v1/invoices/:id/link-voucher --> github.com/wencai/easyhr/internal/finance.(*InvoiceHandler).LinkToVoucher-fm (6 handlers)
[GIN-debug] GET    /api/v1/invoices/monthly-summary --> github.com/wencai/easyhr/internal/finance.(*InvoiceHandler).GetMonthlySummary-fm (6 handlers)
[GIN-debug] POST   /api/v1/expenses          --> github.com/wencai/easyhr/internal/finance.(*ExpenseHandler).SubmitExpense-fm (6 handlers)
[GIN-debug] GET    /api/v1/expenses          --> github.com/wencai/easyhr/internal/finance.(*ExpenseHandler).ListExpenses-fm (6 handlers)
[GIN-debug] GET    /api/v1/expenses/:id      --> github.com/wencai/easyhr/internal/finance.(*ExpenseHandler).GetExpense-fm (6 handlers)
[GIN-debug] POST   /api/v1/expenses/:id/approve --> github.com/wencai/easyhr/internal/finance.(*ExpenseHandler).ApproveExpense-fm (6 handlers)
[GIN-debug] POST   /api/v1/expenses/:id/reject --> github.com/wencai/easyhr/internal/finance.(*ExpenseHandler).RejectExpense-fm (6 handlers)
[GIN-debug] POST   /api/v1/expenses/:id/mark-paid --> github.com/wencai/easyhr/internal/finance.(*ExpenseHandler).MarkPaid-fm (6 handlers)
[GIN-debug] GET    /api/v1/books/trial-balance --> github.com/wencai/easyhr/internal/finance.(*BookHandler).GetTrialBalance-fm (5 handlers)
[GIN-debug] GET    /api/v1/books/account-balance --> github.com/wencai/easyhr/internal/finance.(*BookHandler).GetAccountBalance-fm (5 handlers)
[GIN-debug] GET    /api/v1/books/ledger      --> github.com/wencai/easyhr/internal/finance.(*BookHandler).GetLedger-fm (5 handlers)
[GIN-debug] GET    /api/v1/books/export      --> github.com/wencai/easyhr/internal/finance.(*BookHandler).ExportBook-fm (5 handlers)
[GIN-debug] GET    /api/v1/reports/balance-sheet --> github.com/wencai/easyhr/internal/finance.(*ReportHandler).GetBalanceSheet-fm (5 handlers)
[GIN-debug] GET    /api/v1/reports/income-statement --> github.com/wencai/easyhr/internal/finance.(*ReportHandler).GetIncomeStatement-fm (5 handlers)
[GIN-debug] GET    /api/v1/reports/multi-period --> github.com/wencai/easyhr/internal/finance.(*ReportHandler).GetMultiPeriodBalanceSheet-fm (5 handlers)
[GIN-debug] GET    /api/v1/reports/vat       --> github.com/wencai/easyhr/internal/finance.(*ReportHandler).CalculateVAT-fm (5 handlers)
[GIN-debug] GET    /api/v1/reports/cit       --> github.com/wencai/easyhr/internal/finance.(*ReportHandler).CalculateCIT-fm (5 handlers)
[GIN-debug] GET    /api/v1/reports/tax-declaration/export --> github.com/wencai/easyhr/internal/finance.(*ReportHandler).ExportTaxDeclaration-fm (5 handlers)
[GIN-debug] GET    /api/v1/periods           --> github.com/wencai/easyhr/internal/finance.(*ReportHandler).ListPeriods-fm (5 handlers)
[GIN-debug] POST   /api/v1/periods/validate  --> github.com/wencai/easyhr/internal/finance.(*ReportHandler).ValidateClosing-fm (5 handlers)
[GIN-debug] POST   /api/v1/periods/:id/close --> github.com/wencai/easyhr/internal/finance.(*ReportHandler).ClosePeriod-fm (5 handlers)
[GIN-debug] POST   /api/v1/periods/:id/revert --> github.com/wencai/easyhr/internal/finance.(*ReportHandler).RevertClosing-fm (5 handlers)
[GIN-debug] GET    /api/v1/cities            --> github.com/wencai/easyhr/internal/city.(*Handler).List-fm (4 handlers)
[GIN-debug] GET    /api/v1/audit-logs        --> github.com/wencai/easyhr/internal/audit.(*Handler).List-fm (5 handlers)
[GIN-debug] GET    /api/v1/dashboard         --> github.com/wencai/easyhr/internal/dashboard.(*Handler).GetDashboard-fm (5 handlers)
[GIN-debug] GET    /api/v1/dashboard/todo-stats --> github.com/wencai/easyhr/internal/dashboard.(*Handler).GetTodoStats-fm (5 handlers)
[GIN-debug] GET    /api/v1/dashboard/time-limited-stats --> github.com/wencai/easyhr/internal/dashboard.(*Handler).GetTimeLimitedStats-fm (5 handlers)
[GIN-debug] GET    /api/v1/todos/invite/:token --> github.com/wencai/easyhr/internal/todo.(*Handler).VerifyInviteToken-fm (4 handlers)
[GIN-debug] GET    /api/v1/todos/invite/:token/detail --> github.com/wencai/easyhr/internal/todo.(*Handler).GetInviteTodo-fm (4 handlers)
[GIN-debug] POST   /api/v1/todos/invite/:token/submit --> github.com/wencai/easyhr/internal/todo.(*Handler).SubmitInvite-fm (4 handlers)
[GIN-debug] GET    /api/v1/todos             --> github.com/wencai/easyhr/internal/todo.(*Handler).ListTodos-fm (5 handlers)
[GIN-debug] PUT    /api/v1/todos/:id/pin     --> github.com/wencai/easyhr/internal/todo.(*Handler).PinTodo-fm (5 handlers)
[GIN-debug] PUT    /api/v1/todos/:id/terminate --> github.com/wencai/easyhr/internal/todo.(*Handler).TerminateTodo-fm (5 handlers)
[GIN-debug] POST   /api/v1/todos/:id/invite  --> github.com/wencai/easyhr/internal/todo.(*Handler).InviteTodo-fm (5 handlers)
[GIN-debug] GET    /api/v1/todos/export      --> github.com/wencai/easyhr/internal/todo.(*Handler).ExportTodos-fm (5 handlers)
[GIN-debug] GET    /api/v1/carousels         --> github.com/wencai/easyhr/internal/todo.(*Handler).ListCarousels-fm (5 handlers)
[GIN-debug] GET    /api/v1/carousels/admin   --> github.com/wencai/easyhr/internal/todo.(*Handler).ListAllCarousels-fm (5 handlers)
[GIN-debug] POST   /api/v1/carousels         --> github.com/wencai/easyhr/internal/todo.(*Handler).CreateCarousel-fm (5 handlers)
[GIN-debug] PUT    /api/v1/carousels/:id     --> github.com/wencai/easyhr/internal/todo.(*Handler).UpdateCarousel-fm (5 handlers)
[GIN-debug] DELETE /api/v1/carousels/:id     --> github.com/wencai/easyhr/internal/todo.(*Handler).DeleteCarousel-fm (5 handlers)
[GIN-debug] POST   /api/v1/upload/image      --> github.com/wencai/easyhr/internal/upload.(*Handler).UploadImage-fm (5 handlers)
[GIN-debug] POST   /api/v1/wxmp/auth/send-code --> github.com/wencai/easyhr/internal/wxmp.(*Handler).SendCode-fm (4 handlers)
[GIN-debug] POST   /api/v1/wxmp/auth/login   --> github.com/wencai/easyhr/internal/wxmp.(*Handler).Login-fm (4 handlers)
[GIN-debug] POST   /api/v1/wxmp/auth/wechat/bind --> github.com/wencai/easyhr/internal/wxmp.(*Handler).BindWechat-fm (4 handlers)
[GIN-debug] GET    /api/v1/wxmp/payslips     --> github.com/wencai/easyhr/internal/wxmp.(*Handler).ListPayslips-fm (5 handlers)
[GIN-debug] POST   /api/v1/wxmp/payslips/:id/verify --> github.com/wencai/easyhr/internal/wxmp.(*Handler).VerifyPayslip-fm (5 handlers)
[GIN-debug] GET    /api/v1/wxmp/payslips/:id --> github.com/wencai/easyhr/internal/wxmp.(*Handler).GetPayslipDetail-fm (5 handlers)
[GIN-debug] POST   /api/v1/wxmp/payslips/:id/sign --> github.com/wencai/easyhr/internal/wxmp.(*Handler).SignPayslip-fm (5 handlers)
[GIN-debug] GET    /api/v1/wxmp/contracts    --> github.com/wencai/easyhr/internal/wxmp.(*Handler).ListContracts-fm (5 handlers)
[GIN-debug] GET    /api/v1/wxmp/contracts/:id/pdf --> github.com/wencai/easyhr/internal/wxmp.(*Handler).GetContractPDF-fm (5 handlers)
[GIN-debug] GET    /api/v1/wxmp/social-insurance --> github.com/wencai/easyhr/internal/wxmp.(*Handler).GetSocialInsurance-fm (5 handlers)
[GIN-debug] POST   /api/v1/wxmp/expenses     --> github.com/wencai/easyhr/internal/wxmp.(*Handler).CreateExpense-fm (5 handlers)
[GIN-debug] GET    /api/v1/wxmp/expenses     --> github.com/wencai/easyhr/internal/wxmp.(*Handler).ListExpenses-fm (5 handlers)
[GIN-debug] GET    /api/v1/wxmp/expenses/:id --> github.com/wencai/easyhr/internal/wxmp.(*Handler).GetExpenseDetail-fm (5 handlers)
[GIN-debug] POST   /api/v1/wxmp/oss/upload-url --> github.com/wencai/easyhr/internal/wxmp.(*Handler).GetOssUploadURL-fm (5 handlers)
[GIN-debug] GET    /api/v1/health            --> main.main.func1 (4 handlers)
2026-04-20T15:08:39.469+0800	[34mINFO[0m	runtime/proc.go:285	server starting	{"addr": ":8089"}
2026-04-20T15:08:39.469+0800	[33mWARN[0m	runtime/proc.go:285	todo scheduler start failed	{"error": "create monthly generate job: gocron: CronJob: crontab parse failure\nprovided bad location CST: unknown time zone CST"}
2026-04-20T15:08:39.485+0800	[34mINFO[0m	runtime/proc.go:285	asynq worker started
asynq: pid=26210 2026/04/20 07:08:39.485451 INFO: Starting processing
asynq: pid=26210 2026/04/20 07:08:39.485520 INFO: Send signal TSTP to stop processing new tasks
asynq: pid=26210 2026/04/20 07:08:39.485540 INFO: Send signal TERM or INT to terminate the process
2026/04/20 15:08:39 [SalaryScheduler] started: salary-remind-unconfirmed at 09:00 CST
[GIN-debug] [WARNING] You trusted all proxies, this is NOT safe. We recommend you to set a value.
Please check https://github.com/gin-gonic/gin/blob/master/docs/doc.md#dont-trust-all-proxies for details.
[GIN-debug] Listening and serving HTTP on :8089
2026-04-20T15:08:46.907+0800	[35mDEBUG[0m	gin@v1.12.0/context.go:192	request received	{"method": "POST", "path": "/api/v1/auth/login/password", "query": "", "client_ip": "::1", "user_agent": "Mozilla/5.0 (Macintosh; Intel Mac OS X 10_15_7) AppleWebKit/537.36 (KHTML, like Gecko) Chrome/147.0.0.0 Safari/537.36", "user_id": 0, "org_id": 0}
2026-04-20T15:08:46.908+0800	[35mDEBUG[0m	gin@v1.12.0/context.go:192	request body	{"path": "/api/v1/auth/login/password", "body": "{\"phone\":\"15026664329\",\"password\":\"123456\"}"}
2026-04-20T15:08:46.908+0800	[35mDEBUG[0m	gin@v1.12.0/context.go:192	LoginPassword: 请求	{"phone": "15026664329"}
2026-04-20T15:08:46.924+0800	[35mDEBUG[0m	gin@v1.12.0/context.go:192	LoginPassword: 登录失败	{"error": "该账号未设置密码，请使用手机验证码登录", "phone": "15026664329"}
2026-04-20T15:08:46.924+0800	[35mDEBUG[0m	user/handler.go:241	api error	{"method": "POST", "path": "/api/v1/auth/login/password", "http_status": 401, "error_code": 10011, "error_message": "该账号未设置密码，请使用手机验证码登录", "client_ip": "::1", "user_id": 0, "org_id": 0}
2026-04-20T15:08:46.924+0800	[33mWARN[0m	gin@v1.12.0/context.go:192	request error	{"method": "POST", "path": "/api/v1/auth/login/password", "status": 401, "latency": 0.016866375, "client_ip": "::1"}
2026-04-20T15:08:49.737+0800	[35mDEBUG[0m	gin@v1.12.0/context.go:192	request received	{"method": "POST", "path": "/api/v1/auth/login/password", "query": "", "client_ip": "::1", "user_agent": "Mozilla/5.0 (Macintosh; Intel Mac OS X 10_15_7) AppleWebKit/537.36 (KHTML, like Gecko) Chrome/147.0.0.0 Safari/537.36", "user_id": 0, "org_id": 0}
2026-04-20T15:08:49.737+0800	[35mDEBUG[0m	gin@v1.12.0/context.go:192	request body	{"path": "/api/v1/auth/login/password", "body": "{\"phone\":\"15026664329\",\"password\":\"123456\"}"}
2026-04-20T15:08:49.738+0800	[35mDEBUG[0m	gin@v1.12.0/context.go:192	LoginPassword: 请求	{"phone": "15026664329"}
2026-04-20T15:08:49.739+0800	[35mDEBUG[0m	gin@v1.12.0/context.go:192	LoginPassword: 登录失败	{"error": "该账号未设置密码，请使用手机验证码登录", "phone": "15026664329"}
2026-04-20T15:08:49.739+0800	[35mDEBUG[0m	user/handler.go:241	api error	{"method": "POST", "path": "/api/v1/auth/login/password", "http_status": 401, "error_code": 10011, "error_message": "该账号未设置密码，请使用手机验证码登录", "client_ip": "::1", "user_id": 0, "org_id": 0}
2026-04-20T15:08:49.739+0800	[33mWARN[0m	gin@v1.12.0/context.go:192	request error	{"method": "POST", "path": "/api/v1/auth/login/password", "status": 401, "latency": 0.00222875, "client_ip": "::1"}
asynq: pid=26210 2026/04/20 07:10:16.720295 INFO: Stopping processor
2026-04-20T15:10:16.720+0800	[34mINFO[0m	runtime/asm_arm64.s:1268	shutting down server...
asynq: pid=26210 2026/04/20 07:10:16.720883 INFO: Starting graceful shutdown
asynq: pid=26210 2026/04/20 07:10:17.181608 INFO: Processor stopped
asynq: pid=26210 2026/04/20 07:10:17.181631 INFO: Waiting for all workers to finish...
asynq: pid=26210 2026/04/20 07:10:17.181705 INFO: All workers have finished
asynq: pid=26210 2026/04/20 07:10:20.324542 ERROR: Failed to clear server state: INTERNAL_ERROR: redis command error: ZREM failed: i/o timeout
asynq: pid=26210 2026/04/20 07:10:20.324800 INFO: Exiting
2026-04-20T15:10:20.324+0800	[34mINFO[0m	runtime/asm_arm64.s:1268	server exited
